app/build/intermediates/manifest_merge_blame_file/debug/processDebugMainManifest/manifest-merger-blame-debug-report.txt
1<?xml version="1.0" encoding="utf-8"?>
2<manifest xmlns:android="http://schemas.android.com/apk/res/android"
3    package="com.picklecal.lg"
4    android:versionCode="1"
5    android:versionName="1.0" >
6
7    <uses-sdk
8        android:minSdkVersion="24"
9        android:targetSdkVersion="34" />
10
11    <uses-permission android:name="android.permission.INTERNET" />
11-->src/main/AndroidManifest.xml:4:5-67
11-->src/main/AndroidManifest.xml:4:22-64
12    <uses-permission android:name="android.permission.ACCESS_WIFI_STATE" />
12-->src/main/AndroidManifest.xml:5:5-76
12-->src/main/AndroidManifest.xml:5:22-73
13    <uses-permission android:name="android.permission.ACCESS_NETWORK_STATE" />
13-->src/main/AndroidManifest.xml:6:5-79
13-->src/main/AndroidManifest.xml:6:22-76
14    <uses-permission android:name="android.permission.WAKE_LOCK" />
14-->src/main/AndroidManifest.xml:7:5-68
14-->src/main/AndroidManifest.xml:7:22-65
15
16    <uses-feature
16-->src/main/AndroidManifest.xml:9:5-87
17        android:name="android.software.leanback"
17-->src/main/AndroidManifest.xml:9:19-59
18        android:required="false" />
18-->src/main/AndroidManifest.xml:9:60-84
19    <uses-feature
19-->src/main/AndroidManifest.xml:10:5-90
20        android:name="android.hardware.touchscreen"
20-->src/main/AndroidManifest.xml:10:19-62
21        android:required="false" />
21-->src/main/AndroidManifest.xml:10:63-87
22
23    <permission
23-->[androidx.core:core:1.12.0] AndroidManifest.xml:22:5-24:47
24        android:name="com.picklecal.lg.DYNAMIC_RECEIVER_NOT_EXPORTED_PERMISSION"
24-->[androidx.core:core:1.12.0] AndroidManifest.xml:23:9-81
25        android:protectionLevel="signature" />
25-->[androidx.core:core:1.12.0] AndroidManifest.xml:24:9-44
26
27    <uses-permission android:name="com.picklecal.lg.DYNAMIC_RECEIVER_NOT_EXPORTED_PERMISSION" />
27-->[androidx.core:core:1.12.0] AndroidManifest.xml:26:5-97
27-->[androidx.core:core:1.12.0] AndroidManifest.xml:26:22-94
28
29    <application
29-->src/main/AndroidManifest.xml:12:5-43:19
30        android:allowBackup="true"
30-->src/main/AndroidManifest.xml:13:9-35
31        android:appComponentFactory="androidx.core.app.CoreComponentFactory"
31-->[androidx.core:core:1.12.0] AndroidManifest.xml:28:18-86
32        android:banner="@drawable/banner"
32-->src/main/AndroidManifest.xml:17:9-42
33        android:debuggable="true"
34        android:extractNativeLibs="false"
35        android:icon="@mipmap/ic_launcher"
35-->src/main/AndroidManifest.xml:14:9-43
36        android:label="@string/app_name"
36-->src/main/AndroidManifest.xml:15:9-41
37        android:networkSecurityConfig="@xml/network_security_config"
37-->src/main/AndroidManifest.xml:19:9-69
38        android:supportsRtl="true"
38-->src/main/AndroidManifest.xml:16:9-35
39        android:theme="@style/Theme.PickleCal" >
39-->src/main/AndroidManifest.xml:18:9-47
40        <activity
40-->src/main/AndroidManifest.xml:21:9-30:20
41            android:name="com.picklecal.lg.MainActivity"
41-->src/main/AndroidManifest.xml:22:13-41
42            android:exported="true"
42-->src/main/AndroidManifest.xml:23:13-36
43            android:label="@string/app_name" >
43-->src/main/AndroidManifest.xml:24:13-45
44            <intent-filter>
44-->src/main/AndroidManifest.xml:25:13-29:29
45                <action android:name="android.intent.action.MAIN" />
45-->src/main/AndroidManifest.xml:26:17-69
45-->src/main/AndroidManifest.xml:26:25-66
46
47                <category android:name="android.intent.category.LAUNCHER" />
47-->src/main/AndroidManifest.xml:27:17-77
47-->src/main/AndroidManifest.xml:27:27-74
48                <category android:name="android.intent.category.LEANBACK_LAUNCHER" />
48-->src/main/AndroidManifest.xml:28:17-86
48-->src/main/AndroidManifest.xml:28:27-83
49            </intent-filter>
50        </activity>
51        <activity
51-->src/main/AndroidManifest.xml:32:9-37:77
52            android:name="com.picklecal.lg.PatternActivity"
52-->src/main/AndroidManifest.xml:33:13-44
53            android:configChanges="orientation|screenSize|keyboardHidden"
53-->src/main/AndroidManifest.xml:37:13-74
54            android:exported="false"
54-->src/main/AndroidManifest.xml:34:13-37
55            android:screenOrientation="landscape"
55-->src/main/AndroidManifest.xml:36:13-50
56            android:theme="@style/Theme.PickleCal.Fullscreen" />
56-->src/main/AndroidManifest.xml:35:13-62
57        <activity
57-->src/main/AndroidManifest.xml:39:9-42:56
58            android:name="com.picklecal.lg.LgControlActivity"
58-->src/main/AndroidManifest.xml:40:13-46
59            android:exported="false"
59-->src/main/AndroidManifest.xml:41:13-37
60            android:label="@string/lg_control_title" />
60-->src/main/AndroidManifest.xml:42:13-53
61
62        <provider
62-->[androidx.emoji2:emoji2:1.2.0] AndroidManifest.xml:24:9-32:20
63            android:name="androidx.startup.InitializationProvider"
63-->[androidx.emoji2:emoji2:1.2.0] AndroidManifest.xml:25:13-67
64            android:authorities="com.picklecal.lg.androidx-startup"
64-->[androidx.emoji2:emoji2:1.2.0] AndroidManifest.xml:26:13-68
65            android:exported="false" >
65-->[androidx.emoji2:emoji2:1.2.0] AndroidManifest.xml:27:13-37
66            <meta-data
66-->[androidx.emoji2:emoji2:1.2.0] AndroidManifest.xml:29:13-31:52
67                android:name="androidx.emoji2.text.EmojiCompatInitializer"
67-->[androidx.emoji2:emoji2:1.2.0] AndroidManifest.xml:30:17-75
68                android:value="androidx.startup" />
68-->[androidx.emoji2:emoji2:1.2.0] AndroidManifest.xml:31:17-49
69            <meta-data
69-->[androidx.lifecycle:lifecycle-process:2.6.1] AndroidManifest.xml:29:13-31:52
70                android:name="androidx.lifecycle.ProcessLifecycleInitializer"
70-->[androidx.lifecycle:lifecycle-process:2.6.1] AndroidManifest.xml:30:17-78
71                android:value="androidx.startup" />
71-->[androidx.lifecycle:lifecycle-process:2.6.1] AndroidManifest.xml:31:17-49
72            <meta-data
72-->[androidx.profileinstaller:profileinstaller:1.3.0] AndroidManifest.xml:29:13-31:52
73                android:name="androidx.profileinstaller.ProfileInstallerInitializer"
73-->[androidx.profileinstaller:profileinstaller:1.3.0] AndroidManifest.xml:30:17-85
74                android:value="androidx.startup" />
74-->[androidx.profileinstaller:profileinstaller:1.3.0] AndroidManifest.xml:31:17-49
75        </provider>
76
77        <receiver
77-->[androidx.profileinstaller:profileinstaller:1.3.0] AndroidManifest.xml:34:9-52:20
78            android:name="androidx.profileinstaller.ProfileInstallReceiver"
78-->[androidx.profileinstaller:profileinstaller:1.3.0] AndroidManifest.xml:35:13-76
79            android:directBootAware="false"
79-->[androidx.profileinstaller:profileinstaller:1.3.0] AndroidManifest.xml:36:13-44
80            android:enabled="true"
80-->[androidx.profileinstaller:profileinstaller:1.3.0] AndroidManifest.xml:37:13-35
81            android:exported="true"
81-->[androidx.profileinstaller:profileinstaller:1.3.0] AndroidManifest.xml:38:13-36
82            android:permission="android.permission.DUMP" >
82-->[androidx.profileinstaller:profileinstaller:1.3.0] AndroidManifest.xml:39:13-57
83            <intent-filter>
83-->[androidx.profileinstaller:profileinstaller:1.3.0] AndroidManifest.xml:40:13-42:29
84                <action android:name="androidx.profileinstaller.action.INSTALL_PROFILE" />
84-->[androidx.profileinstaller:profileinstaller:1.3.0] AndroidManifest.xml:41:17-91
84-->[androidx.profileinstaller:profileinstaller:1.3.0] AndroidManifest.xml:41:25-88
85            </intent-filter>
86            <intent-filter>
86-->[androidx.profileinstaller:profileinstaller:1.3.0] AndroidManifest.xml:43:13-45:29
87                <action android:name="androidx.profileinstaller.action.SKIP_FILE" />
87-->[androidx.profileinstaller:profileinstaller:1.3.0] AndroidManifest.xml:44:17-85
87-->[androidx.profileinstaller:profileinstaller:1.3.0] AndroidManifest.xml:44:25-82
88            </intent-filter>
89            <intent-filter>
89-->[androidx.profileinstaller:profileinstaller:1.3.0] AndroidManifest.xml:46:13-48:29
90                <action android:name="androidx.profileinstaller.action.SAVE_PROFILE" />
90-->[androidx.profileinstaller:profileinstaller:1.3.0] AndroidManifest.xml:47:17-88
90-->[androidx.profileinstaller:profileinstaller:1.3.0] AndroidManifest.xml:47:25-85
91            </intent-filter>
92            <intent-filter>
92-->[androidx.profileinstaller:profileinstaller:1.3.0] AndroidManifest.xml:49:13-51:29
93                <action android:name="androidx.profileinstaller.action.BENCHMARK_OPERATION" />
93-->[androidx.profileinstaller:profileinstaller:1.3.0] AndroidManifest.xml:50:17-95
93-->[androidx.profileinstaller:profileinstaller:1.3.0] AndroidManifest.xml:50:25-92
94            </intent-filter>
95        </receiver>
96    </application>
97
98</manifest>